<?xml version="1.0" encoding="utf-8"?><testsuites name="pytest tests"><testsuite name="pytest" errors="1" failures="0" skipped="0" tests="1" time="0.173" timestamp="2026-06-09T21:56:54.981406+00:00" hostname="runnervm1li68"><testcase classname="" name="tests.test_greet" time="0.000"><error message="collection failure">ImportError while importing test module '/home/runner/work/github_actions_sandbox/github_actions_sandbox/tests/test_greet.py'.
Hint: make sure your test modules/packages have valid Python names.
Traceback:
/opt/hostedtoolcache/Python/3.11.15/x64/lib/python3.11/importlib/__init__.py:126: in import_module
    return _bootstrap._gcd_import(name[level:], package, level)
           ^^^^^^^^^^^^^^^^^^^^^^^^^^^^^^^^^^^^^^^^^^^^^^^^^^^^
tests/test_greet.py:1: in &lt;module&gt;
    from src.greet import greet
E   ModuleNotFoundError: No module named 'src'</error></testcase></testsuite></testsuites>